2022-09-04 13:22:23.214 +05:30 [INF] ReadLine overridden with 'Microsoft.PowerShell.EditorServices.Services.PowerShell.Console.PsrlReadLine'
2022-09-04 13:22:23.763 +05:30 [WRN] No ConfigurationItems have been defined, configuration won't surface any configuration from the client!
2022-09-04 13:22:23.842 +05:30 [ERR] Could not resolve Script Analyzer settings path due to null or empty workspaceRootPath.
2022-09-04 13:22:24.654 +05:30 [ERR] Could not resolve relative script path
    baseFilePath = 
        relativePath = PSScriptAnalyzerSettings.psd1

System.ArgumentNullException: Value cannot be null. (Parameter 'path1')
   at System.IO.Path.Combine(String path1, String path2)
   at Microsoft.PowerShell.EditorServices.Services.WorkspaceService.ResolveRelativeScriptPath(String baseFilePath, String relativePath) in D:\a\_work\1\s\src\PowerShellEditorServices\Services\Workspace\WorkspaceService.cs:line 508
2022-09-04 13:22:24.655 +05:30 [INF] Unable to find PSSA settings file at 'PSScriptAnalyzerSettings.psd1'. Loading default rules.
2022-09-04 13:22:24.656 +05:30 [INF] PSScriptAnalyzer settings file not found. Falling back to default rules
2022-09-04 13:23:33.782 +05:30 [WRN] textDocument/codeAction skipping diagnostic with empty Code field: PowerShell Parameter declarations are a comma-separated list of variable names with optional initializer expressions.
2022-09-04 13:23:33.783 +05:30 [WRN] textDocument/codeAction skipping diagnostic with empty Code field: PowerShell Missing ')' in function parameter list.
2022-09-04 13:23:42.765 +05:30 [WRN] textDocument/codeAction skipping diagnostic with empty Code field: PowerShell Missing condition in if statement after 'if ('.
2022-09-04 13:23:42.765 +05:30 [WRN] textDocument/codeAction skipping diagnostic with empty Code field: PowerShell Missing statement block after if ( condition ).
2022-09-04 13:23:45.585 +05:30 [WRN] textDocument/codeAction skipping diagnostic with empty Code field: PowerShell Missing condition in if statement after 'if ('.
2022-09-04 13:23:45.585 +05:30 [WRN] textDocument/codeAction skipping diagnostic with empty Code field: PowerShell Missing statement block after if ( condition ).
2022-09-04 13:25:21.757 +05:30 [WRN] textDocument/codeAction skipping diagnostic with empty Code field: PowerShell An expression was expected after '('.
2022-09-04 13:25:36.738 +05:30 [WRN] textDocument/codeAction skipping diagnostic with empty Code field: PowerShell Missing opening '(' after keyword 'while'.
2022-09-04 13:25:48.519 +05:30 [WRN] textDocument/codeAction skipping diagnostic with empty Code field: PowerShell Missing opening '(' after keyword 'while'.
2022-09-04 13:25:51.794 +05:30 [WRN] textDocument/codeAction skipping diagnostic with empty Code field: PowerShell Missing expression after 'while' in loop.
2022-09-04 13:25:55.962 +05:30 [WRN] textDocument/codeAction skipping diagnostic with empty Code field: PowerShell Missing statement body in while loop.
2022-09-04 13:26:02.897 +05:30 [WRN] textDocument/codeAction skipping diagnostic with empty Code field: PowerShell You must provide a value expression following the '-ne' operator.
2022-09-04 13:26:05.162 +05:30 [WRN] textDocument/codeAction skipping diagnostic with empty Code field: PowerShell You must provide a value expression following the '-' operator.
2022-09-04 13:26:06.312 +05:30 [WRN] textDocument/codeAction skipping diagnostic with empty Code field: PowerShell Missing statement body in while loop.
2022-09-04 13:26:06.575 +05:30 [WRN] textDocument/codeAction skipping diagnostic with empty Code field: PowerShell Unexpected token '-n' in expression or statement.
2022-09-04 13:26:09.371 +05:30 [WRN] textDocument/codeAction skipping diagnostic with empty Code field: PowerShell Missing statement body in while loop.
2022-09-04 13:26:09.633 +05:30 [WRN] textDocument/codeAction skipping diagnostic with empty Code field: PowerShell You must provide a value expression following the '-ne' operator.
2022-09-04 13:26:48.642 +05:30 [WRN] textDocument/codeAction skipping diagnostic with empty Code field: PowerShell Unexpected token '$' in expression or statement.
2022-09-04 13:26:48.642 +05:30 [WRN] textDocument/codeAction skipping diagnostic with empty Code field: PowerShell Unexpected token ')' in expression or statement.
2022-09-04 13:27:13.561 +05:30 [WRN] textDocument/codeAction skipping diagnostic with empty Code field: PowerShell Missing ')' in method call.
2022-09-04 13:27:17.020 +05:30 [WRN] textDocument/codeAction skipping diagnostic with empty Code field: PowerShell Missing ')' in method call.
2022-09-04 13:27:17.281 +05:30 [WRN] textDocument/codeAction skipping diagnostic with empty Code field: PowerShell Missing ')' in method call.
2022-09-04 13:27:27.177 +05:30 [WRN] textDocument/codeAction skipping diagnostic with empty Code field: PowerShell Unexpected token '$' in expression or statement.
2022-09-04 13:27:30.865 +05:30 [WRN] textDocument/codeAction skipping diagnostic with empty Code field: PowerShell Unexpected token '$' in expression or statement.
2022-09-04 13:43:01.453 +05:30 [WRN] textDocument/codeAction skipping diagnostic with empty Code field: PowerShell Unexpected token '-e' in expression or statement.
2022-09-04 13:43:01.453 +05:30 [WRN] textDocument/codeAction skipping diagnostic with empty Code field: PowerShell Unexpected token '"start"' in expression or statement.
2022-09-04 13:43:01.453 +05:30 [WRN] textDocument/codeAction skipping diagnostic with empty Code field: PowerShell Missing closing ')' after expression in 'if' statement.
2022-09-04 13:43:03.295 +05:30 [WRN] textDocument/codeAction skipping diagnostic with empty Code field: PowerShell Unexpected token '"start"' in expression or statement.
2022-09-04 13:43:03.296 +05:30 [WRN] textDocument/codeAction skipping diagnostic with empty Code field: PowerShell Missing closing ')' after expression in 'if' statement.
2022-09-04 13:43:03.555 +05:30 [WRN] textDocument/codeAction skipping diagnostic with empty Code field: PowerShell Unexpected token '"start"' in expression or statement.
2022-09-04 13:43:03.555 +05:30 [WRN] textDocument/codeAction skipping diagnostic with empty Code field: PowerShell Missing closing ')' after expression in 'if' statement.
2022-09-04 13:43:06.007 +05:30 [WRN] textDocument/codeAction skipping diagnostic with empty Code field: PowerShell Unexpected token '-e' in expression or statement.
2022-09-04 13:43:08.834 +05:30 [WRN] textDocument/codeAction skipping diagnostic with empty Code field: PowerShell Unexpected token '-e' in expression or statement.
2022-09-04 13:43:18.471 +05:30 [WRN] textDocument/codeAction skipping diagnostic with empty Code field: PowerShell Unexpected token '-e' in expression or statement.
2022-09-04 13:44:50.580 +05:30 [WRN] textDocument/codeAction skipping diagnostic with empty Code field: PowerShell Unexpected token '"start"' in expression or statement.
2022-09-04 13:44:50.580 +05:30 [WRN] textDocument/codeAction skipping diagnostic with empty Code field: PowerShell Missing closing ')' after expression in 'if' statement.
2022-09-04 13:46:48.825 +05:30 [WRN] textDocument/codeAction skipping diagnostic with empty Code field: PowerShell Unexpected token 'tempCommand.Replace' in expression or statement.
2022-09-04 13:46:49.957 +05:30 [WRN] textDocument/codeAction skipping diagnostic with empty Code field: PowerShell Unexpected token 'tempCommand.Replace' in expression or statement.
2022-09-04 13:46:50.977 +05:30 [WRN] textDocument/codeAction skipping diagnostic with empty Code field: PowerShell Unexpected token 'tempCommand.Replace' in expression or statement.
2022-09-04 13:47:08.633 +05:30 [WRN] textDocument/codeAction skipping diagnostic with empty Code field: PowerShell Unexpected token 'Replace' in expression or statement.
2022-09-04 13:47:08.904 +05:30 [WRN] textDocument/codeAction skipping diagnostic with empty Code field: PowerShell Unexpected token 'Replace' in expression or statement.
2022-09-04 13:47:10.084 +05:30 [WRN] textDocument/codeAction skipping diagnostic with empty Code field: PowerShell Unexpected token 'Replace' in expression or statement.
