[Warn  - 11:52:15 AM] OmniSharp.Extensions.LanguageServer.Server.Configuration.DidChangeConfigurationProvider: No ConfigurationItems have been defined, configuration won't surface any configuration from the client! | 
[Error - 11:52:15 AM] Microsoft.PowerShell.EditorServices.Handlers.PsesConfigurationHandler: Could not resolve Script Analyzer settings path due to null or empty workspaceRootPath. | 
[Error - 11:52:16 AM] Microsoft.PowerShell.EditorServices.Services.WorkspaceService: Could not resolve relative script path
    baseFilePath = 
        relativePath = PSScriptAnalyzerSettings.psd1

System.ArgumentNullException: Value cannot be null. (Parameter 'path1')
   at System.IO.Path.Combine(String path1, String path2)
   at Microsoft.PowerShell.EditorServices.Services.WorkspaceService.ResolveRelativeScriptPath(String baseFilePath, String relativePath) in D:\a\_work\1\s\src\PowerShellEditorServices\Services\Workspace\WorkspaceService.cs:line 508 | 
[Warn  - 11:59:33 AM] Microsoft.PowerShell.EditorServices.Handlers.PsesCodeActionHandler: textDocument/codeAction skipping diagnostic with empty Code field: PowerShell Missing '(' after 'if' in if statement. | 
[Warn  - 11:59:37 AM] Microsoft.PowerShell.EditorServices.Handlers.PsesCodeActionHandler: textDocument/codeAction skipping diagnostic with empty Code field: PowerShell Missing condition in if statement after 'if ('. | 
[Warn  - 11:59:37 AM] Microsoft.PowerShell.EditorServices.Handlers.PsesCodeActionHandler: textDocument/codeAction skipping diagnostic with empty Code field: PowerShell Missing statement block after if ( condition ). | 
[Warn  - 12:00:03 PM] Microsoft.PowerShell.EditorServices.Handlers.PsesCodeActionHandler: textDocument/codeAction skipping diagnostic with empty Code field: PowerShell Missing statement block after if ( condition ). | 
[Warn  - 12:00:05 PM] Microsoft.PowerShell.EditorServices.Handlers.PsesCodeActionHandler: textDocument/codeAction skipping diagnostic with empty Code field: PowerShell Missing condition in if statement after 'if ('. | 
[Warn  - 12:00:05 PM] Microsoft.PowerShell.EditorServices.Handlers.PsesCodeActionHandler: textDocument/codeAction skipping diagnostic with empty Code field: PowerShell Missing statement block after if ( condition ). | 
[Warn  - 12:00:05 PM] Microsoft.PowerShell.EditorServices.Handlers.PsesCodeActionHandler: textDocument/codeAction skipping diagnostic with empty Code field: PowerShell Missing statement block after if ( condition ). | 
[Warn  - 12:00:07 PM] Microsoft.PowerShell.EditorServices.Handlers.PsesCodeActionHandler: textDocument/codeAction skipping diagnostic with empty Code field: PowerShell Missing statement block after if ( condition ). | 
[Warn  - 12:00:43 PM] Microsoft.PowerShell.EditorServices.Handlers.PsesCodeActionHandler: textDocument/codeAction skipping diagnostic with empty Code field: PowerShell Missing expression after unary operator '!'. | 
[Warn  - 12:26:10 PM] Microsoft.PowerShell.EditorServices.Handlers.PsesCodeActionHandler: textDocument/codeAction skipping diagnostic with empty Code field: PowerShell An expression was expected after '('. | 
[Warn  - 12:26:12 PM] Microsoft.PowerShell.EditorServices.Handlers.PsesCodeActionHandler: textDocument/codeAction skipping diagnostic with empty Code field: PowerShell Missing type name after '['. | 
[Warn  - 12:26:24 PM] Microsoft.PowerShell.EditorServices.Handlers.PsesCodeActionHandler: textDocument/codeAction skipping diagnostic with empty Code field: PowerShell You must provide a value expression following the '=' operator. | 
[Warn  - 12:27:09 PM] Microsoft.PowerShell.EditorServices.Handlers.PsesCodeActionHandler: textDocument/codeAction skipping diagnostic with empty Code field: PowerShell Unexpected token '$=1' in expression or statement. | 
[Warn  - 12:27:27 PM] Microsoft.PowerShell.EditorServices.Handlers.PsesCodeActionHandler: textDocument/codeAction skipping diagnostic with empty Code field: PowerShell Missing closing ')' in expression. | 
[Warn  - 12:28:06 PM] Microsoft.PowerShell.EditorServices.Handlers.PsesCodeActionHandler: textDocument/codeAction skipping diagnostic with empty Code field: PowerShell The assignment expression is not valid. The input to an assignment operator must be an object that is able to accept assignments, such as a variable or a property. | 
[Warn  - 12:28:07 PM] Microsoft.PowerShell.EditorServices.Handlers.PsesCodeActionHandler: textDocument/codeAction skipping diagnostic with empty Code field: PowerShell The assignment expression is not valid. The input to an assignment operator must be an object that is able to accept assignments, such as a variable or a property. | 
[Warn  - 12:28:19 PM] Microsoft.PowerShell.EditorServices.Handlers.PsesCodeActionHandler: textDocument/codeAction skipping diagnostic with empty Code field: PowerShell The assignment expression is not valid. The input to an assignment operator must be an object that is able to accept assignments, such as a variable or a property. | 
[Warn  - 12:29:11 PM] Microsoft.PowerShell.EditorServices.Handlers.PsesCodeActionHandler: textDocument/codeAction skipping diagnostic with empty Code field: PowerShell The assignment expression is not valid. The input to an assignment operator must be an object that is able to accept assignments, such as a variable or a property. | 
[Warn  - 12:29:14 PM] Microsoft.PowerShell.EditorServices.Handlers.PsesCodeActionHandler: textDocument/codeAction skipping diagnostic with empty Code field: PowerShell The assignment expression is not valid. The input to an assignment operator must be an object that is able to accept assignments, such as a variable or a property. | 
[Warn  - 12:29:19 PM] Microsoft.PowerShell.EditorServices.Handlers.PsesCodeActionHandler: textDocument/codeAction skipping diagnostic with empty Code field: PowerShell The assignment expression is not valid. The input to an assignment operator must be an object that is able to accept assignments, such as a variable or a property. | 
[Warn  - 12:29:22 PM] Microsoft.PowerShell.EditorServices.Handlers.PsesCodeActionHandler: textDocument/codeAction skipping diagnostic with empty Code field: PowerShell The assignment expression is not valid. The input to an assignment operator must be an object that is able to accept assignments, such as a variable or a property. | 
[Warn  - 12:29:23 PM] Microsoft.PowerShell.EditorServices.Handlers.PsesCodeActionHandler: textDocument/codeAction skipping diagnostic with empty Code field: PowerShell The assignment expression is not valid. The input to an assignment operator must be an object that is able to accept assignments, such as a variable or a property. | 
[Warn  - 12:29:24 PM] Microsoft.PowerShell.EditorServices.Handlers.PsesCodeActionHandler: textDocument/codeAction skipping diagnostic with empty Code field: PowerShell The assignment expression is not valid. The input to an assignment operator must be an object that is able to accept assignments, such as a variable or a property. | 
[Warn  - 12:30:07 PM] Microsoft.PowerShell.EditorServices.Handlers.PsesCodeActionHandler: textDocument/codeAction skipping diagnostic with empty Code field: PowerShell An expression was expected after '('. | 
