[Warn  - 1:22:23 PM] OmniSharp.Extensions.LanguageServer.Server.Configuration.DidChangeConfigurationProvider: No ConfigurationItems have been defined, configuration won't surface any configuration from the client! | 
[Error - 1:22:23 PM] Microsoft.PowerShell.EditorServices.Handlers.PsesConfigurationHandler: Could not resolve Script Analyzer settings path due to null or empty workspaceRootPath. | 
[Error - 1:22:24 PM] Microsoft.PowerShell.EditorServices.Services.WorkspaceService: Could not resolve relative script path
    baseFilePath = 
        relativePath = PSScriptAnalyzerSettings.psd1

System.ArgumentNullException: Value cannot be null. (Parameter 'path1')
   at System.IO.Path.Combine(String path1, String path2)
   at Microsoft.PowerShell.EditorServices.Services.WorkspaceService.ResolveRelativeScriptPath(String baseFilePath, String relativePath) in D:\a\_work\1\s\src\PowerShellEditorServices\Services\Workspace\WorkspaceService.cs:line 508 | 
[Warn  - 1:23:33 PM] Microsoft.PowerShell.EditorServices.Handlers.PsesCodeActionHandler: textDocument/codeAction skipping diagnostic with empty Code field: PowerShell Parameter declarations are a comma-separated list of variable names with optional initializer expressions. | 
[Warn  - 1:23:33 PM] Microsoft.PowerShell.EditorServices.Handlers.PsesCodeActionHandler: textDocument/codeAction skipping diagnostic with empty Code field: PowerShell Missing ')' in function parameter list. | 
[Warn  - 1:23:42 PM] Microsoft.PowerShell.EditorServices.Handlers.PsesCodeActionHandler: textDocument/codeAction skipping diagnostic with empty Code field: PowerShell Missing condition in if statement after 'if ('. | 
[Warn  - 1:23:42 PM] Microsoft.PowerShell.EditorServices.Handlers.PsesCodeActionHandler: textDocument/codeAction skipping diagnostic with empty Code field: PowerShell Missing statement block after if ( condition ). | 
[Warn  - 1:23:45 PM] Microsoft.PowerShell.EditorServices.Handlers.PsesCodeActionHandler: textDocument/codeAction skipping diagnostic with empty Code field: PowerShell Missing condition in if statement after 'if ('. | 
[Warn  - 1:23:45 PM] Microsoft.PowerShell.EditorServices.Handlers.PsesCodeActionHandler: textDocument/codeAction skipping diagnostic with empty Code field: PowerShell Missing statement block after if ( condition ). | 
[Warn  - 1:25:21 PM] Microsoft.PowerShell.EditorServices.Handlers.PsesCodeActionHandler: textDocument/codeAction skipping diagnostic with empty Code field: PowerShell An expression was expected after '('. | 
[Warn  - 1:25:36 PM] Microsoft.PowerShell.EditorServices.Handlers.PsesCodeActionHandler: textDocument/codeAction skipping diagnostic with empty Code field: PowerShell Missing opening '(' after keyword 'while'. | 
[Warn  - 1:25:48 PM] Microsoft.PowerShell.EditorServices.Handlers.PsesCodeActionHandler: textDocument/codeAction skipping diagnostic with empty Code field: PowerShell Missing opening '(' after keyword 'while'. | 
[Warn  - 1:25:51 PM] Microsoft.PowerShell.EditorServices.Handlers.PsesCodeActionHandler: textDocument/codeAction skipping diagnostic with empty Code field: PowerShell Missing expression after 'while' in loop. | 
[Warn  - 1:25:55 PM] Microsoft.PowerShell.EditorServices.Handlers.PsesCodeActionHandler: textDocument/codeAction skipping diagnostic with empty Code field: PowerShell Missing statement body in while loop. | 
[Warn  - 1:26:02 PM] Microsoft.PowerShell.EditorServices.Handlers.PsesCodeActionHandler: textDocument/codeAction skipping diagnostic with empty Code field: PowerShell You must provide a value expression following the '-ne' operator. | 
[Warn  - 1:26:05 PM] Microsoft.PowerShell.EditorServices.Handlers.PsesCodeActionHandler: textDocument/codeAction skipping diagnostic with empty Code field: PowerShell You must provide a value expression following the '-' operator. | 
[Warn  - 1:26:06 PM] Microsoft.PowerShell.EditorServices.Handlers.PsesCodeActionHandler: textDocument/codeAction skipping diagnostic with empty Code field: PowerShell Missing statement body in while loop. | 
[Warn  - 1:26:06 PM] Microsoft.PowerShell.EditorServices.Handlers.PsesCodeActionHandler: textDocument/codeAction skipping diagnostic with empty Code field: PowerShell Unexpected token '-n' in expression or statement. | 
[Warn  - 1:26:09 PM] Microsoft.PowerShell.EditorServices.Handlers.PsesCodeActionHandler: textDocument/codeAction skipping diagnostic with empty Code field: PowerShell Missing statement body in while loop. | 
[Warn  - 1:26:09 PM] Microsoft.PowerShell.EditorServices.Handlers.PsesCodeActionHandler: textDocument/codeAction skipping diagnostic with empty Code field: PowerShell You must provide a value expression following the '-ne' operator. | 
[Warn  - 1:26:48 PM] Microsoft.PowerShell.EditorServices.Handlers.PsesCodeActionHandler: textDocument/codeAction skipping diagnostic with empty Code field: PowerShell Unexpected token '$' in expression or statement. | 
[Warn  - 1:26:48 PM] Microsoft.PowerShell.EditorServices.Handlers.PsesCodeActionHandler: textDocument/codeAction skipping diagnostic with empty Code field: PowerShell Unexpected token ')' in expression or statement. | 
[Warn  - 1:27:13 PM] Microsoft.PowerShell.EditorServices.Handlers.PsesCodeActionHandler: textDocument/codeAction skipping diagnostic with empty Code field: PowerShell Missing ')' in method call. | 
[Warn  - 1:27:17 PM] Microsoft.PowerShell.EditorServices.Handlers.PsesCodeActionHandler: textDocument/codeAction skipping diagnostic with empty Code field: PowerShell Missing ')' in method call. | 
[Warn  - 1:27:17 PM] Microsoft.PowerShell.EditorServices.Handlers.PsesCodeActionHandler: textDocument/codeAction skipping diagnostic with empty Code field: PowerShell Missing ')' in method call. | 
[Warn  - 1:27:27 PM] Microsoft.PowerShell.EditorServices.Handlers.PsesCodeActionHandler: textDocument/codeAction skipping diagnostic with empty Code field: PowerShell Unexpected token '$' in expression or statement. | 
[Warn  - 1:27:30 PM] Microsoft.PowerShell.EditorServices.Handlers.PsesCodeActionHandler: textDocument/codeAction skipping diagnostic with empty Code field: PowerShell Unexpected token '$' in expression or statement. | 
[Warn  - 1:43:01 PM] Microsoft.PowerShell.EditorServices.Handlers.PsesCodeActionHandler: textDocument/codeAction skipping diagnostic with empty Code field: PowerShell Unexpected token '-e' in expression or statement. | 
[Warn  - 1:43:01 PM] Microsoft.PowerShell.EditorServices.Handlers.PsesCodeActionHandler: textDocument/codeAction skipping diagnostic with empty Code field: PowerShell Unexpected token '"start"' in expression or statement. | 
[Warn  - 1:43:01 PM] Microsoft.PowerShell.EditorServices.Handlers.PsesCodeActionHandler: textDocument/codeAction skipping diagnostic with empty Code field: PowerShell Missing closing ')' after expression in 'if' statement. | 
[Warn  - 1:43:03 PM] Microsoft.PowerShell.EditorServices.Handlers.PsesCodeActionHandler: textDocument/codeAction skipping diagnostic with empty Code field: PowerShell Unexpected token '"start"' in expression or statement. | 
[Warn  - 1:43:03 PM] Microsoft.PowerShell.EditorServices.Handlers.PsesCodeActionHandler: textDocument/codeAction skipping diagnostic with empty Code field: PowerShell Missing closing ')' after expression in 'if' statement. | 
[Warn  - 1:43:03 PM] Microsoft.PowerShell.EditorServices.Handlers.PsesCodeActionHandler: textDocument/codeAction skipping diagnostic with empty Code field: PowerShell Unexpected token '"start"' in expression or statement. | 
[Warn  - 1:43:03 PM] Microsoft.PowerShell.EditorServices.Handlers.PsesCodeActionHandler: textDocument/codeAction skipping diagnostic with empty Code field: PowerShell Missing closing ')' after expression in 'if' statement. | 
[Warn  - 1:43:06 PM] Microsoft.PowerShell.EditorServices.Handlers.PsesCodeActionHandler: textDocument/codeAction skipping diagnostic with empty Code field: PowerShell Unexpected token '-e' in expression or statement. | 
[Warn  - 1:43:08 PM] Microsoft.PowerShell.EditorServices.Handlers.PsesCodeActionHandler: textDocument/codeAction skipping diagnostic with empty Code field: PowerShell Unexpected token '-e' in expression or statement. | 
[Warn  - 1:43:18 PM] Microsoft.PowerShell.EditorServices.Handlers.PsesCodeActionHandler: textDocument/codeAction skipping diagnostic with empty Code field: PowerShell Unexpected token '-e' in expression or statement. | 
[Warn  - 1:44:50 PM] Microsoft.PowerShell.EditorServices.Handlers.PsesCodeActionHandler: textDocument/codeAction skipping diagnostic with empty Code field: PowerShell Unexpected token '"start"' in expression or statement. | 
[Warn  - 1:44:50 PM] Microsoft.PowerShell.EditorServices.Handlers.PsesCodeActionHandler: textDocument/codeAction skipping diagnostic with empty Code field: PowerShell Missing closing ')' after expression in 'if' statement. | 
[Warn  - 1:46:48 PM] Microsoft.PowerShell.EditorServices.Handlers.PsesCodeActionHandler: textDocument/codeAction skipping diagnostic with empty Code field: PowerShell Unexpected token 'tempCommand.Replace' in expression or statement. | 
[Warn  - 1:46:49 PM] Microsoft.PowerShell.EditorServices.Handlers.PsesCodeActionHandler: textDocument/codeAction skipping diagnostic with empty Code field: PowerShell Unexpected token 'tempCommand.Replace' in expression or statement. | 
[Warn  - 1:46:50 PM] Microsoft.PowerShell.EditorServices.Handlers.PsesCodeActionHandler: textDocument/codeAction skipping diagnostic with empty Code field: PowerShell Unexpected token 'tempCommand.Replace' in expression or statement. | 
[Warn  - 1:47:08 PM] Microsoft.PowerShell.EditorServices.Handlers.PsesCodeActionHandler: textDocument/codeAction skipping diagnostic with empty Code field: PowerShell Unexpected token 'Replace' in expression or statement. | 
[Warn  - 1:47:08 PM] Microsoft.PowerShell.EditorServices.Handlers.PsesCodeActionHandler: textDocument/codeAction skipping diagnostic with empty Code field: PowerShell Unexpected token 'Replace' in expression or statement. | 
[Warn  - 1:47:10 PM] Microsoft.PowerShell.EditorServices.Handlers.PsesCodeActionHandler: textDocument/codeAction skipping diagnostic with empty Code field: PowerShell Unexpected token 'Replace' in expression or statement. | 
