[2022-09-04 13:39:20.553] [exthost] [info] Extension host with pid 4487 started
[2022-09-04 13:39:20.601] [exthost] [info] $resolveAuthority invoked for authority (ssh-remote)
[2022-09-04 13:39:20.622] [exthost] [info] ExtensionService#_doActivateExtension ms-vscode-remote.remote-ssh, startup: false, activationEvent: 'onResolveRemoteAuthority:ssh-remote'
[2022-09-04 13:39:35.095] [exthost] [info] $resolveAuthority invoked for authority (ssh-remote)
[2022-09-04 13:39:43.817] [exthost] [info] Extension host terminating: received terminate message from renderer
[2022-09-04 13:39:43.818] [exthost] [info] Extension host with pid 4487 exiting with code 0
[2022-09-04 13:39:46.043] [exthost] [info] Extension host with pid 4558 started
[2022-09-04 13:39:46.096] [exthost] [info] $resolveAuthority invoked for authority (ssh-remote)
[2022-09-04 13:39:46.114] [exthost] [info] ExtensionService#_doActivateExtension ms-vscode-remote.remote-ssh, startup: false, activationEvent: 'onResolveRemoteAuthority:ssh-remote'
[2022-09-04 13:39:55.924] [exthost] [info] $resolveAuthority invoked for authority (ssh-remote)
[2022-09-04 13:40:03.759] [exthost] [info] Extension host terminating: received terminate message from renderer
[2022-09-04 13:40:03.760] [exthost] [info] Extension host with pid 4558 exiting with code 0
[2022-09-04 13:40:06.045] [exthost] [info] Extension host with pid 4634 started
[2022-09-04 13:40:06.088] [exthost] [info] ExtensionService#_doActivateExtension vscode.microsoft-authentication, startup: false, activationEvent: 'onAuthenticationRequest:microsoft'
[2022-09-04 13:40:06.105] [exthost] [info] ExtensionService#_doActivateExtension vscode.debug-auto-launch, startup: true, activationEvent: '*'
[2022-09-04 13:40:06.107] [exthost] [info] ExtensionService#_doActivateExtension vscode.git-base, startup: true, activationEvent: '*', root cause: vscode.git
[2022-09-04 13:40:06.109] [exthost] [info] ExtensionService#_doActivateExtension vscode.ipynb, startup: true, activationEvent: '*'
[2022-09-04 13:40:06.147] [exthost] [info] ExtensionService#_doActivateExtension vscode.git, startup: true, activationEvent: '*'
[2022-09-04 13:40:06.164] [exthost] [info] ExtensionService#_doActivateExtension vscode.github, startup: true, activationEvent: '*'
[2022-09-04 13:40:06.200] [exthost] [info] Eager extensions activated
[2022-09-04 13:40:06.200] [exthost] [info] ExtensionService#_doActivateExtension vscode.github-authentication, startup: false, activationEvent: 'onAuthenticationRequest:github'
[2022-09-04 13:40:06.215] [exthost] [info] ExtensionService#_doActivateExtension vscode.emmet, startup: false, activationEvent: 'onStartupFinished'
[2022-09-04 13:40:06.220] [exthost] [info] ExtensionService#_doActivateExtension vscode.merge-conflict, startup: false, activationEvent: 'onStartupFinished'
[2022-09-04 13:40:06.223] [exthost] [info] ExtensionService#_doActivateExtension ms-vscode-remote.remote-containers, startup: false, activationEvent: 'onStartupFinished'
[2022-09-04 13:40:06.259] [exthost] [info] ExtensionService#_doActivateExtension ms-vscode-remote.remote-wsl, startup: false, activationEvent: 'onStartupFinished'
[2022-09-04 13:40:06.716] [exthost] [info] Extension host terminating: received terminate message from renderer
[2022-09-04 13:40:06.735] [exthost] [info] Extension host with pid 4634 exiting with code 0
