2022-09-04 15:11:27.145 +05:30 [INF] ReadLine overridden with 'Microsoft.PowerShell.EditorServices.Services.PowerShell.Console.PsrlReadLine'
2022-09-04 15:11:27.548 +05:30 [WRN] No ConfigurationItems have been defined, configuration won't surface any configuration from the client!
2022-09-04 15:11:27.600 +05:30 [ERR] Could not resolve Script Analyzer settings path due to null or empty workspaceRootPath.
2022-09-04 15:11:28.406 +05:30 [ERR] Could not resolve relative script path
    baseFilePath = 
        relativePath = PSScriptAnalyzerSettings.psd1

System.ArgumentNullException: Value cannot be null. (Parameter 'path1')
   at System.IO.Path.Combine(String path1, String path2)
   at Microsoft.PowerShell.EditorServices.Services.WorkspaceService.ResolveRelativeScriptPath(String baseFilePath, String relativePath) in D:\a\_work\1\s\src\PowerShellEditorServices\Services\Workspace\WorkspaceService.cs:line 508
2022-09-04 15:11:28.408 +05:30 [INF] Unable to find PSSA settings file at 'PSScriptAnalyzerSettings.psd1'. Loading default rules.
2022-09-04 15:11:28.408 +05:30 [INF] PSScriptAnalyzer settings file not found. Falling back to default rules
2022-09-04 15:33:38.017 +05:30 [WRN] textDocument/codeAction skipping diagnostic with empty Code field: PowerShell Missing '(' after 'elseif' in if statement.
2022-09-04 15:41:16.904 +05:30 [WRN] textDocument/codeAction skipping diagnostic with empty Code field: PowerShell The string is missing the terminator: ".
2022-09-04 15:41:17.664 +05:30 [WRN] textDocument/codeAction skipping diagnostic with empty Code field: PowerShell The string is missing the terminator: ".
2022-09-04 15:43:23.701 +05:30 [WRN] textDocument/codeAction skipping diagnostic with empty Code field: PowerShell Parameter declarations are a comma-separated list of variable names with optional initializer expressions.
2022-09-04 15:43:23.701 +05:30 [WRN] textDocument/codeAction skipping diagnostic with empty Code field: PowerShell Missing ')' in function parameter list.
2022-09-04 15:44:13.068 +05:30 [WRN] textDocument/codeAction skipping diagnostic with empty Code field: PowerShell Missing expression after ','.
2022-09-04 15:44:51.397 +05:30 [WRN] textDocument/codeAction skipping diagnostic with empty Code field: PowerShell Missing ')' in function parameter list.
2022-09-04 15:45:38.925 +05:30 [WRN] textDocument/codeAction skipping diagnostic with empty Code field: PowerShell Unexpected token ''*")'' in expression or statement.
2022-09-04 15:45:39.816 +05:30 [WRN] textDocument/codeAction skipping diagnostic with empty Code field: PowerShell Unexpected token '$+'*")'' in expression or statement.
2022-09-04 15:45:40.574 +05:30 [WRN] textDocument/codeAction skipping diagnostic with empty Code field: PowerShell Unexpected token '$+'*")'' in expression or statement.
2022-09-04 15:46:12.881 +05:30 [WRN] textDocument/codeAction skipping diagnostic with empty Code field: PowerShell Unexpected token '$' in expression or statement.
