2022-09-03 11:52:14.515 +05:30 [INF] ReadLine overridden with 'Microsoft.PowerShell.EditorServices.Services.PowerShell.Console.PsrlReadLine'
2022-09-03 11:52:15.135 +05:30 [WRN] No ConfigurationItems have been defined, configuration won't surface any configuration from the client!
2022-09-03 11:52:15.224 +05:30 [ERR] Could not resolve Script Analyzer settings path due to null or empty workspaceRootPath.
2022-09-03 11:52:16.036 +05:30 [ERR] Could not resolve relative script path
    baseFilePath = 
        relativePath = PSScriptAnalyzerSettings.psd1

System.ArgumentNullException: Value cannot be null. (Parameter 'path1')
   at System.IO.Path.Combine(String path1, String path2)
   at Microsoft.PowerShell.EditorServices.Services.WorkspaceService.ResolveRelativeScriptPath(String baseFilePath, String relativePath) in D:\a\_work\1\s\src\PowerShellEditorServices\Services\Workspace\WorkspaceService.cs:line 508
2022-09-03 11:52:16.037 +05:30 [INF] Unable to find PSSA settings file at 'PSScriptAnalyzerSettings.psd1'. Loading default rules.
2022-09-03 11:52:16.037 +05:30 [INF] PSScriptAnalyzer settings file not found. Falling back to default rules
2022-09-03 11:59:33.763 +05:30 [WRN] textDocument/codeAction skipping diagnostic with empty Code field: PowerShell Missing '(' after 'if' in if statement.
2022-09-03 11:59:37.091 +05:30 [WRN] textDocument/codeAction skipping diagnostic with empty Code field: PowerShell Missing condition in if statement after 'if ('.
2022-09-03 11:59:37.091 +05:30 [WRN] textDocument/codeAction skipping diagnostic with empty Code field: PowerShell Missing statement block after if ( condition ).
2022-09-03 12:00:03.685 +05:30 [WRN] textDocument/codeAction skipping diagnostic with empty Code field: PowerShell Missing statement block after if ( condition ).
2022-09-03 12:00:05.125 +05:30 [WRN] textDocument/codeAction skipping diagnostic with empty Code field: PowerShell Missing condition in if statement after 'if ('.
2022-09-03 12:00:05.126 +05:30 [WRN] textDocument/codeAction skipping diagnostic with empty Code field: PowerShell Missing statement block after if ( condition ).
2022-09-03 12:00:05.805 +05:30 [WRN] textDocument/codeAction skipping diagnostic with empty Code field: PowerShell Missing statement block after if ( condition ).
2022-09-03 12:00:07.138 +05:30 [WRN] textDocument/codeAction skipping diagnostic with empty Code field: PowerShell Missing statement block after if ( condition ).
2022-09-03 12:00:43.099 +05:30 [WRN] textDocument/codeAction skipping diagnostic with empty Code field: PowerShell Missing expression after unary operator '!'.
2022-09-03 12:26:10.901 +05:30 [WRN] textDocument/codeAction skipping diagnostic with empty Code field: PowerShell An expression was expected after '('.
2022-09-03 12:26:12.406 +05:30 [WRN] textDocument/codeAction skipping diagnostic with empty Code field: PowerShell Missing type name after '['.
2022-09-03 12:26:24.440 +05:30 [WRN] textDocument/codeAction skipping diagnostic with empty Code field: PowerShell You must provide a value expression following the '=' operator.
2022-09-03 12:27:09.051 +05:30 [WRN] textDocument/codeAction skipping diagnostic with empty Code field: PowerShell Unexpected token '$=1' in expression or statement.
2022-09-03 12:27:27.263 +05:30 [WRN] textDocument/codeAction skipping diagnostic with empty Code field: PowerShell Missing closing ')' in expression.
2022-09-03 12:28:06.430 +05:30 [WRN] textDocument/codeAction skipping diagnostic with empty Code field: PowerShell The assignment expression is not valid. The input to an assignment operator must be an object that is able to accept assignments, such as a variable or a property.
2022-09-03 12:28:07.864 +05:30 [WRN] textDocument/codeAction skipping diagnostic with empty Code field: PowerShell The assignment expression is not valid. The input to an assignment operator must be an object that is able to accept assignments, such as a variable or a property.
2022-09-03 12:28:19.380 +05:30 [WRN] textDocument/codeAction skipping diagnostic with empty Code field: PowerShell The assignment expression is not valid. The input to an assignment operator must be an object that is able to accept assignments, such as a variable or a property.
2022-09-03 12:29:11.148 +05:30 [WRN] textDocument/codeAction skipping diagnostic with empty Code field: PowerShell The assignment expression is not valid. The input to an assignment operator must be an object that is able to accept assignments, such as a variable or a property.
2022-09-03 12:29:14.251 +05:30 [WRN] textDocument/codeAction skipping diagnostic with empty Code field: PowerShell The assignment expression is not valid. The input to an assignment operator must be an object that is able to accept assignments, such as a variable or a property.
2022-09-03 12:29:19.640 +05:30 [WRN] textDocument/codeAction skipping diagnostic with empty Code field: PowerShell The assignment expression is not valid. The input to an assignment operator must be an object that is able to accept assignments, such as a variable or a property.
2022-09-03 12:29:22.085 +05:30 [WRN] textDocument/codeAction skipping diagnostic with empty Code field: PowerShell The assignment expression is not valid. The input to an assignment operator must be an object that is able to accept assignments, such as a variable or a property.
2022-09-03 12:29:23.281 +05:30 [WRN] textDocument/codeAction skipping diagnostic with empty Code field: PowerShell The assignment expression is not valid. The input to an assignment operator must be an object that is able to accept assignments, such as a variable or a property.
2022-09-03 12:29:24.929 +05:30 [WRN] textDocument/codeAction skipping diagnostic with empty Code field: PowerShell The assignment expression is not valid. The input to an assignment operator must be an object that is able to accept assignments, such as a variable or a property.
2022-09-03 12:30:07.847 +05:30 [WRN] textDocument/codeAction skipping diagnostic with empty Code field: PowerShell An expression was expected after '('.
